Searching for include files...
Searching for example files...
Searching for images...
Searching for dot files...
Searching for msc files...
Searching for dia files...
Searching for files to exclude
Searching INPUT for files to process...
Searching for files in directory /home/wangzhh/Documents/FROG_Run/seabreeze-3.0.11/SeaBreeze/include/api
Searching for files in directory /home/wangzhh/Documents/FROG_Run/seabreeze-3.0.11/SeaBreeze/include/api/seabreezeapi
Reading and parsing tag files
Parsing files
Preprocessing /home/wangzhh/Documents/FROG_Run/seabreeze-3.0.11/SeaBreeze/README.txt...
Parsing file /home/wangzhh/Documents/FROG_Run/seabreeze-3.0.11/SeaBreeze/README.txt...
Preprocessing /home/wangzhh/Documents/FROG_Run/seabreeze-3.0.11/SeaBreeze/include/api/DeviceFactory.h...
Parsing file /home/wangzhh/Documents/FROG_Run/seabreeze-3.0.11/SeaBreeze/include/api/DeviceFactory.h...
Preprocessing /home/wangzhh/Documents/FROG_Run/seabreeze-3.0.11/SeaBreeze/include/api/DllDecl.h...
Parsing file /home/wangzhh/Documents/FROG_Run/seabreeze-3.0.11/SeaBreeze/include/api/DllDecl.h...
Preprocessing /home/wangzhh/Documents/FROG_Run/seabreeze-3.0.11/SeaBreeze/include/api/seabreezeapi/AcquisitionDelayFeatureAdapter.h...
Parsing file /home/wangzhh/Documents/FROG_Run/seabreeze-3.0.11/SeaBreeze/include/api/seabreezeapi/AcquisitionDelayFeatureAdapter.h...
Preprocessing /home/wangzhh/Documents/FROG_Run/seabreeze-3.0.11/SeaBreeze/include/api/seabreezeapi/ContinuousStrobeFeatureAdapter.h...
Parsing file /home/wangzhh/Documents/FROG_Run/seabreeze-3.0.11/SeaBreeze/include/api/seabreezeapi/ContinuousStrobeFeatureAdapter.h...
Preprocessing /home/wangzhh/Documents/FROG_Run/seabreeze-3.0.11/SeaBreeze/include/api/seabreezeapi/DataBufferFeatureAdapter.h...
Parsing file /home/wangzhh/Documents/FROG_Run/seabreeze-3.0.11/SeaBreeze/include/api/seabreezeapi/DataBufferFeatureAdapter.h...
Preprocessing /home/wangzhh/Documents/FROG_Run/seabreeze-3.0.11/SeaBreeze/include/api/seabreezeapi/DeviceAdapter.h...
Parsing file /home/wangzhh/Documents/FROG_Run/seabreeze-3.0.11/SeaBreeze/include/api/seabreezeapi/DeviceAdapter.h...
Preprocessing /home/wangzhh/Documents/FROG_Run/seabreeze-3.0.11/SeaBreeze/include/api/seabreezeapi/EEPROMFeatureAdapter.h...
Parsing file /home/wangzhh/Documents/FROG_Run/seabreeze-3.0.11/SeaBreeze/include/api/seabreezeapi/EEPROMFeatureAdapter.h...
Preprocessing /home/wangzhh/Documents/FROG_Run/seabreeze-3.0.11/SeaBreeze/include/api/seabreezeapi/FeatureAdapterInterface.h...
Parsing file /home/wangzhh/Documents/FROG_Run/seabreeze-3.0.11/SeaBreeze/include/api/seabreezeapi/FeatureAdapterInterface.h...
Preprocessing /home/wangzhh/Documents/FROG_Run/seabreeze-3.0.11/SeaBreeze/include/api/seabreezeapi/FeatureAdapterTemplate.h...
Parsing file /home/wangzhh/Documents/FROG_Run/seabreeze-3.0.11/SeaBreeze/include/api/seabreezeapi/FeatureAdapterTemplate.h...
Preprocessing /home/wangzhh/Documents/FROG_Run/seabreeze-3.0.11/SeaBreeze/include/api/seabreezeapi/FeatureFamilies.h...
Parsing file /home/wangzhh/Documents/FROG_Run/seabreeze-3.0.11/SeaBreeze/include/api/seabreezeapi/FeatureFamilies.h...
Preprocessing /home/wangzhh/Documents/FROG_Run/seabreeze-3.0.11/SeaBreeze/include/api/seabreezeapi/IrradCalFeatureAdapter.h...
Parsing file /home/wangzhh/Documents/FROG_Run/seabreeze-3.0.11/SeaBreeze/include/api/seabreezeapi/IrradCalFeatureAdapter.h...
Preprocessing /home/wangzhh/Documents/FROG_Run/seabreeze-3.0.11/SeaBreeze/include/api/seabreezeapi/LightSourceFeatureAdapter.h...
Parsing file /home/wangzhh/Documents/FROG_Run/seabreeze-3.0.11/SeaBreeze/include/api/seabreezeapi/LightSourceFeatureAdapter.h...
Preprocessing /home/wangzhh/Documents/FROG_Run/seabreeze-3.0.11/SeaBreeze/include/api/seabreezeapi/NonlinearityCoeffsFeatureAdapter.h...
Parsing file /home/wangzhh/Documents/FROG_Run/seabreeze-3.0.11/SeaBreeze/include/api/seabreezeapi/NonlinearityCoeffsFeatureAdapter.h...
Preprocessing /home/wangzhh/Documents/FROG_Run/seabreeze-3.0.11/SeaBreeze/include/api/seabreezeapi/OpticalBenchFeatureAdapter.h...
Parsing file /home/wangzhh/Documents/FROG_Run/seabreeze-3.0.11/SeaBreeze/include/api/seabreezeapi/OpticalBenchFeatureAdapter.h...
Preprocessing /home/wangzhh/Documents/FROG_Run/seabreeze-3.0.11/SeaBreeze/include/api/seabreezeapi/PixelBinningFeatureAdapter.h...
Parsing file /home/wangzhh/Documents/FROG_Run/seabreeze-3.0.11/SeaBreeze/include/api/seabreezeapi/PixelBinningFeatureAdapter.h...
Preprocessing /home/wangzhh/Documents/FROG_Run/seabreeze-3.0.11/SeaBreeze/include/api/seabreezeapi/ProtocolFamilies.h...
Parsing file /home/wangzhh/Documents/FROG_Run/seabreeze-3.0.11/SeaBreeze/include/api/seabreezeapi/ProtocolFamilies.h...
Preprocessing /home/wangzhh/Documents/FROG_Run/seabreeze-3.0.11/SeaBreeze/include/api/seabreezeapi/RawUSBBusAccessFeatureAdapter.h...
Parsing file /home/wangzhh/Documents/FROG_Run/seabreeze-3.0.11/SeaBreeze/include/api/seabreezeapi/RawUSBBusAccessFeatureAdapter.h...
Preprocessing /home/wangzhh/Documents/FROG_Run/seabreeze-3.0.11/SeaBreeze/include/api/seabreezeapi/RevisionFeatureAdapter.h...
Parsing file /home/wangzhh/Documents/FROG_Run/seabreeze-3.0.11/SeaBreeze/include/api/seabreezeapi/RevisionFeatureAdapter.h...
Preprocessing /home/wangzhh/Documents/FROG_Run/seabreeze-3.0.11/SeaBreeze/include/api/seabreezeapi/SeaBreezeAPI.h...
Parsing file /home/wangzhh/Documents/FROG_Run/seabreeze-3.0.11/SeaBreeze/include/api/seabreezeapi/SeaBreezeAPI.h...
Preprocessing /home/wangzhh/Documents/FROG_Run/seabreeze-3.0.11/SeaBreeze/include/api/seabreezeapi/SeaBreezeAPIConstants.h...
Parsing file /home/wangzhh/Documents/FROG_Run/seabreeze-3.0.11/SeaBreeze/include/api/seabreezeapi/SeaBreezeAPIConstants.h...
Preprocessing /home/wangzhh/Documents/FROG_Run/seabreeze-3.0.11/SeaBreeze/include/api/seabreezeapi/SerialNumberFeatureAdapter.h...
Parsing file /home/wangzhh/Documents/FROG_Run/seabreeze-3.0.11/SeaBreeze/include/api/seabreezeapi/SerialNumberFeatureAdapter.h...
Preprocessing /home/wangzhh/Documents/FROG_Run/seabreeze-3.0.11/SeaBreeze/include/api/seabreezeapi/ShutterFeatureAdapter.h...
Parsing file /home/wangzhh/Documents/FROG_Run/seabreeze-3.0.11/SeaBreeze/include/api/seabreezeapi/ShutterFeatureAdapter.h...
Preprocessing /home/wangzhh/Documents/FROG_Run/seabreeze-3.0.11/SeaBreeze/include/api/seabreezeapi/SpectrometerFeatureAdapter.h...
Parsing file /home/wangzhh/Documents/FROG_Run/seabreeze-3.0.11/SeaBreeze/include/api/seabreezeapi/SpectrometerFeatureAdapter.h...
Preprocessing /home/wangzhh/Documents/FROG_Run/seabreeze-3.0.11/SeaBreeze/include/api/seabreezeapi/SpectrumProcessingFeatureAdapter.h...
Parsing file /home/wangzhh/Documents/FROG_Run/seabreeze-3.0.11/SeaBreeze/include/api/seabreezeapi/SpectrumProcessingFeatureAdapter.h...
Preprocessing /home/wangzhh/Documents/FROG_Run/seabreeze-3.0.11/SeaBreeze/include/api/seabreezeapi/StrayLightCoeffsFeatureAdapter.h...
Parsing file /home/wangzhh/Documents/FROG_Run/seabreeze-3.0.11/SeaBreeze/include/api/seabreezeapi/StrayLightCoeffsFeatureAdapter.h...
Preprocessing /home/wangzhh/Documents/FROG_Run/seabreeze-3.0.11/SeaBreeze/include/api/seabreezeapi/StrobeLampFeatureAdapter.h...
Parsing file /home/wangzhh/Documents/FROG_Run/seabreeze-3.0.11/SeaBreeze/include/api/seabreezeapi/StrobeLampFeatureAdapter.h...
Preprocessing /home/wangzhh/Documents/FROG_Run/seabreeze-3.0.11/SeaBreeze/include/api/seabreezeapi/TemperatureFeatureAdapter.h...
Parsing file /home/wangzhh/Documents/FROG_Run/seabreeze-3.0.11/SeaBreeze/include/api/seabreezeapi/TemperatureFeatureAdapter.h...
Preprocessing /home/wangzhh/Documents/FROG_Run/seabreeze-3.0.11/SeaBreeze/include/api/seabreezeapi/ThermoElectricCoolerFeatureAdapter.h...
Parsing file /home/wangzhh/Documents/FROG_Run/seabreeze-3.0.11/SeaBreeze/include/api/seabreezeapi/ThermoElectricCoolerFeatureAdapter.h...
Preprocessing /home/wangzhh/Documents/FROG_Run/seabreeze-3.0.11/SeaBreeze/include/api/SeaBreezeWrapper.h...
Parsing file /home/wangzhh/Documents/FROG_Run/seabreeze-3.0.11/SeaBreeze/include/api/SeaBreezeWrapper.h...
Building group list...
Building directory list...
Building namespace list...
Building file list...
Building class list...
Computing nesting relations for classes...
Associating documentation with classes...
Building example list...
Searching for enumerations...
Searching for documented typedefs...
Searching for members imported via using declarations...
Searching for included using directives...
Searching for documented variables...
Building interface member list...
Building member list...
Searching for friends...
Searching for documented defines...
Computing class inheritance relations...
Computing class usage relations...
Flushing cached template relations that have become invalid...
Computing class relations...
Add enum values to enums...
Searching for member function documentation...
Creating members for template instances...
Building page list...
Search for main page...
Computing page relations...
Determining the scope of groups...
Sorting lists...
Determining which enums are documented
Computing member relations...
Building full member lists recursively...
Adding members to member groups.
Computing member references...
Inheriting documentation...
Generating disk names...
Adding source references...
Adding xrefitems...
Sorting member lists...
Setting anonymous enum type...
Computing dependencies between directories...
Generating citations page...
Counting members...
Counting data structures...
Resolving user defined references...
Finding anchors and sections in the documentation...
Transferring function references...
Combining using relations...
Adding members to index pages...
Correcting members for VHDL...
Loading RTF extensions Doxyfile-ext.txt...
Generating style sheet...
Generating search indices...
Generating example documentation...
Generating file sources...
Generating code for file AcquisitionDelayFeatureAdapter.h...
Generating code for file ContinuousStrobeFeatureAdapter.h...
Generating code for file DataBufferFeatureAdapter.h...
Generating code for file DeviceAdapter.h...
Generating code for file DeviceFactory.h...
Generating code for file DllDecl.h...
Generating code for file EEPROMFeatureAdapter.h...
Generating code for file FeatureAdapterInterface.h...
Generating code for file FeatureAdapterTemplate.h...
Generating code for file FeatureFamilies.h...
Generating code for file IrradCalFeatureAdapter.h...
Generating code for file LightSourceFeatureAdapter.h...
Generating code for file NonlinearityCoeffsFeatureAdapter.h...
Generating code for file OpticalBenchFeatureAdapter.h...
Generating code for file PixelBinningFeatureAdapter.h...
Generating code for file ProtocolFamilies.h...
Generating code for file RawUSBBusAccessFeatureAdapter.h...
Generating code for file RevisionFeatureAdapter.h...
Generating code for file SeaBreezeAPI.h...
Generating code for file SeaBreezeAPIConstants.h...
Generating code for file SeaBreezeWrapper.h...
Generating code for file SerialNumberFeatureAdapter.h...
Generating code for file ShutterFeatureAdapter.h...
Generating code for file SpectrometerFeatureAdapter.h...
Generating code for file SpectrumProcessingFeatureAdapter.h...
Generating code for file StrayLightCoeffsFeatureAdapter.h...
Generating code for file StrobeLampFeatureAdapter.h...
Generating code for file TemperatureFeatureAdapter.h...
Generating code for file ThermoElectricCoolerFeatureAdapter.h...
Generating file documentation...
Generating docs for file AcquisitionDelayFeatureAdapter.h...
Generating docs for file ContinuousStrobeFeatureAdapter.h...
Generating docs for file DataBufferFeatureAdapter.h...
Generating docs for file DeviceAdapter.h...
Generating docs for file DeviceFactory.h...
Generating docs for file DllDecl.h...
Generating docs for file EEPROMFeatureAdapter.h...
Generating docs for file FeatureAdapterInterface.h...
Generating docs for file FeatureAdapterTemplate.h...
Generating docs for file FeatureFamilies.h...
Generating docs for file IrradCalFeatureAdapter.h...
Generating docs for file LightSourceFeatureAdapter.h...
Generating docs for file NonlinearityCoeffsFeatureAdapter.h...
Generating docs for file OpticalBenchFeatureAdapter.h...
Generating docs for file PixelBinningFeatureAdapter.h...
Generating docs for file ProtocolFamilies.h...
Generating docs for file RawUSBBusAccessFeatureAdapter.h...
Generating docs for file RevisionFeatureAdapter.h...
Generating docs for file SeaBreezeAPI.h...
Generating docs for file SeaBreezeAPIConstants.h...
Generating docs for file SeaBreezeWrapper.h...
Generating docs for file SerialNumberFeatureAdapter.h...
Generating docs for file ShutterFeatureAdapter.h...
Generating docs for file SpectrometerFeatureAdapter.h...
Generating docs for file SpectrumProcessingFeatureAdapter.h...
Generating docs for file StrayLightCoeffsFeatureAdapter.h...
Generating docs for file StrobeLampFeatureAdapter.h...
Generating docs for file TemperatureFeatureAdapter.h...
Generating docs for file ThermoElectricCoolerFeatureAdapter.h...
Generating page documentation...
Generating docs for page todo...
Generating group documentation...
Generating class documentation...
Generating docs for compound SeaBreezeAPI...
Generating docs for compound SeaBreezeWrapper...
Generating namespace index...
Generating docs for namespace seabreeze
Generating docs for compound seabreeze::DeviceFactory...
Generating docs for compound seabreeze::api::AcquisitionDelayFeatureAdapter...
Generating docs for compound seabreeze::api::AcquisitionDelayFeatureFamily...
Generating docs for compound seabreeze::api::ContinuousStrobeFeatureAdapter...
Generating docs for compound seabreeze::api::ContinuousStrobeFeatureFamily...
Generating docs for compound seabreeze::api::DataBufferFeatureAdapter...
Generating docs for compound seabreeze::api::DataBufferFeatureFamily...
Generating docs for compound seabreeze::api::DeviceAdapter...
Generating docs for compound seabreeze::api::EEPROMFeatureAdapter...
Generating docs for compound seabreeze::api::EEPROMFeatureFamily...
Generating docs for compound seabreeze::api::FeatureAdapterInterface...
Generating docs for compound seabreeze::api::FeatureAdapterTemplate...
Generating docs for compound seabreeze::api::FeatureFamilies...
Generating docs for compound seabreeze::api::IrradCalFeatureAdapter...
Generating docs for compound seabreeze::api::IrradCalFeatureFamily...
Generating docs for compound seabreeze::api::JazMessagingProtocolFamily...
Generating docs for compound seabreeze::api::LightSourceFeatureAdapter...
Generating docs for compound seabreeze::api::LightSourceFeatureFamily...
Generating docs for compound seabreeze::api::NonlinearityCoeffsFeatureAdapter...
Generating docs for compound seabreeze::api::NonlinearityCoeffsFeatureFamily...
Generating docs for compound seabreeze::api::OceanBinaryProtocolFamily...
Generating docs for compound seabreeze::api::OOIProtocolFamily...
Generating docs for compound seabreeze::api::OpticalBenchFeatureAdapter...
Generating docs for compound seabreeze::api::OpticalBenchFeatureFamily...
Generating docs for compound seabreeze::api::PixelBinningFeatureAdapter...
Generating docs for compound seabreeze::api::PixelBinningFeatureFamily...
Generating docs for compound seabreeze::api::ProtocolFamilies...
Generating docs for compound seabreeze::api::RawUSBBusAccessFeatureAdapter...
Generating docs for compound seabreeze::api::RawUSBBusAccessFeatureFamily...
Generating docs for compound seabreeze::api::RevisionFeatureAdapter...
Generating docs for compound seabreeze::api::RevisionFeatureFamily...
Generating docs for compound seabreeze::api::SerialNumberFeatureAdapter...
Generating docs for compound seabreeze::api::SerialNumberFeatureFamily...
Generating docs for compound seabreeze::api::ShutterFeatureAdapter...
Generating docs for compound seabreeze::api::ShutterFeatureFamily...
Generating docs for compound seabreeze::api::SpectrometerFeatureAdapter...
Generating docs for compound seabreeze::api::SpectrometerFeatureFamily...
Generating docs for compound seabreeze::api::SpectrumProcessingFeatureAdapter...
Generating docs for compound seabreeze::api::SpectrumProcessingFeatureFamily...
Generating docs for compound seabreeze::api::StrayLightCoeffsFeatureAdapter...
Generating docs for compound seabreeze::api::StrayLightCoeffsFeatureFamily...
Generating docs for compound seabreeze::api::StrobeLampFeatureAdapter...
Generating docs for compound seabreeze::api::StrobeLampFeatureFamily...
Generating docs for compound seabreeze::api::TemperatureFeatureAdapter...
Generating docs for compound seabreeze::api::TemperatureFeatureFamily...
Generating docs for compound seabreeze::api::ThermoElectricCoolerFeatureAdapter...
Generating docs for compound seabreeze::api::ThermoElectricFeatureFamily...
Generating docs for compound seabreeze::api::UndefinedFeatureFamily...
Generating docs for compound seabreeze::api::UndefinedProtocolFamily...
Generating docs for compound seabreeze::api::VirtualProtocolFamily...
Generating docs for compound seabreeze::api::WaveCalFeatureFamily...
Generating graph info page...
Generating directory documentation...
Generating dependency graph for directory api
Generating dependency graph for directory seabreezeapi
Generating index page...
Generating page index...
Generating module index...
Generating namespace index...
Generating namespace member index...
Generating annotated compound index...
Generating alphabetical compound index...
Generating hierarchical class index...
Generating graphical class hierarchy...
Generating member index...
Generating file index...
Generating file member index...
Generating example index...
finalizing index lists...
writing tag file...
Combining RTF output...
Running plantuml with JAVA...
Running dot...
Generating dot graphs using 5 parallel threads...
Running dot for graph 1/206
Running dot for graph 2/206
Running dot for graph 3/206
Running dot for graph 4/206
Running dot for graph 5/206
Running dot for graph 6/206
Running dot for graph 7/206
Running dot for graph 8/206
Running dot for graph 9/206
Running dot for graph 10/206
Running dot for graph 11/206
Running dot for graph 12/206
Running dot for graph 13/206
Running dot for graph 14/206
Running dot for graph 15/206
Running dot for graph 16/206
Running dot for graph 17/206
Running dot for graph 18/206
Running dot for graph 19/206
Running dot for graph 20/206
Running dot for graph 21/206
Running dot for graph 22/206
Running dot for graph 23/206
Running dot for graph 24/206
Running dot for graph 25/206
Running dot for graph 26/206
Running dot for graph 27/206
Running dot for graph 28/206
Running dot for graph 29/206
Running dot for graph 30/206
Running dot for graph 31/206
Running dot for graph 32/206
Running dot for graph 33/206
Running dot for graph 34/206
Running dot for graph 35/206
Running dot for graph 36/206
Running dot for graph 37/206
Running dot for graph 38/206
Running dot for graph 39/206
Running dot for graph 40/206
Running dot for graph 41/206
Running dot for graph 42/206
Running dot for graph 43/206
Running dot for graph 44/206
Running dot for graph 45/206
Running dot for graph 46/206
Running dot for graph 47/206
Running dot for graph 48/206
Running dot for graph 49/206
Running dot for graph 50/206
Running dot for graph 51/206
Running dot for graph 52/206
Running dot for graph 53/206
Running dot for graph 54/206
Running dot for graph 55/206
Running dot for graph 56/206
Running dot for graph 57/206
Running dot for graph 58/206
Running dot for graph 59/206
Running dot for graph 60/206
Running dot for graph 61/206
Running dot for graph 62/206
Running dot for graph 63/206
Running dot for graph 64/206
Running dot for graph 65/206
Running dot for graph 66/206
Running dot for graph 67/206
Running dot for graph 68/206
Running dot for graph 69/206
Running dot for graph 70/206
Running dot for graph 71/206
Running dot for graph 72/206
Running dot for graph 73/206
Running dot for graph 74/206
Running dot for graph 75/206
Running dot for graph 76/206
Running dot for graph 77/206
Running dot for graph 78/206
Running dot for graph 79/206
Running dot for graph 80/206
Running dot for graph 81/206
Running dot for graph 82/206
Running dot for graph 83/206
Running dot for graph 84/206
Running dot for graph 85/206
Running dot for graph 86/206
Running dot for graph 87/206
Running dot for graph 88/206
Running dot for graph 89/206
Running dot for graph 90/206
Running dot for graph 91/206
Running dot for graph 92/206
Running dot for graph 93/206
Running dot for graph 94/206
Running dot for graph 95/206
Running dot for graph 96/206
Running dot for graph 97/206
Running dot for graph 98/206
Running dot for graph 99/206
Running dot for graph 100/206
Running dot for graph 101/206
Running dot for graph 102/206
Running dot for graph 103/206
Running dot for graph 104/206
Running dot for graph 105/206
Running dot for graph 106/206
Running dot for graph 107/206
Running dot for graph 108/206
Running dot for graph 109/206
Running dot for graph 110/206
Running dot for graph 111/206
Running dot for graph 112/206
Running dot for graph 113/206
Running dot for graph 114/206
Running dot for graph 115/206
Running dot for graph 116/206
Running dot for graph 117/206
Running dot for graph 118/206
Running dot for graph 119/206
Running dot for graph 120/206
Running dot for graph 121/206
Running dot for graph 122/206
Running dot for graph 123/206
Running dot for graph 124/206
Running dot for graph 125/206
Running dot for graph 126/206
Running dot for graph 127/206
Running dot for graph 128/206
Running dot for graph 129/206
Running dot for graph 130/206
Running dot for graph 131/206
Running dot for graph 132/206
Running dot for graph 133/206
Running dot for graph 134/206
Running dot for graph 135/206
Running dot for graph 136/206
Running dot for graph 137/206
Running dot for graph 138/206
Running dot for graph 139/206
Running dot for graph 140/206
Running dot for graph 141/206
Running dot for graph 142/206
Running dot for graph 143/206
Running dot for graph 144/206
Running dot for graph 145/206
Running dot for graph 146/206
Running dot for graph 147/206
Running dot for graph 148/206
Running dot for graph 149/206
Running dot for graph 150/206
Running dot for graph 151/206
Running dot for graph 152/206
Running dot for graph 153/206
Running dot for graph 154/206
Running dot for graph 155/206
Running dot for graph 156/206
Running dot for graph 157/206
Running dot for graph 158/206
Running dot for graph 159/206
Running dot for graph 160/206
Running dot for graph 161/206
Running dot for graph 162/206
Running dot for graph 163/206
Running dot for graph 164/206
Running dot for graph 165/206
Running dot for graph 166/206
Running dot for graph 167/206
Running dot for graph 168/206
Running dot for graph 169/206
Running dot for graph 170/206
Running dot for graph 171/206
Running dot for graph 172/206
Running dot for graph 173/206
Running dot for graph 174/206
Running dot for graph 175/206
Running dot for graph 176/206
Running dot for graph 177/206
Running dot for graph 178/206
Running dot for graph 179/206
Running dot for graph 180/206
Running dot for graph 181/206
Running dot for graph 182/206
Running dot for graph 183/206
Running dot for graph 184/206
Running dot for graph 185/206
Running dot for graph 186/206
Running dot for graph 187/206
Running dot for graph 188/206
Running dot for graph 189/206
Running dot for graph 190/206
Running dot for graph 191/206
Running dot for graph 192/206
Running dot for graph 193/206
Running dot for graph 194/206
Running dot for graph 195/206
Running dot for graph 196/206
Running dot for graph 197/206
Running dot for graph 198/206
Running dot for graph 199/206
Running dot for graph 200/206
Running dot for graph 201/206
Running dot for graph 202/206
Running dot for graph 203/206
Running dot for graph 204/206
Running dot for graph 205/206
Running dot for graph 206/206
Patching output file 1/54
Patching output file 2/54
Patching output file 3/54
Patching output file 4/54
Patching output file 5/54
Patching output file 6/54
Patching output file 7/54
Patching output file 8/54
Patching output file 9/54
Patching output file 10/54
Patching output file 11/54
Patching output file 12/54
Patching output file 13/54
Patching output file 14/54
Patching output file 15/54
Patching output file 16/54
Patching output file 17/54
Patching output file 18/54
Patching output file 19/54
Patching output file 20/54
Patching output file 21/54
Patching output file 22/54
Patching output file 23/54
Patching output file 24/54
Patching output file 25/54
Patching output file 26/54
Patching output file 27/54
Patching output file 28/54
Patching output file 29/54
Patching output file 30/54
Patching output file 31/54
Patching output file 32/54
Patching output file 33/54
Patching output file 34/54
Patching output file 35/54
Patching output file 36/54
Patching output file 37/54
Patching output file 38/54
Patching output file 39/54
Patching output file 40/54
Patching output file 41/54
Patching output file 42/54
Patching output file 43/54
Patching output file 44/54
Patching output file 45/54
Patching output file 46/54
Patching output file 47/54
Patching output file 48/54
Patching output file 49/54
Patching output file 50/54
Patching output file 51/54
Patching output file 52/54
Patching output file 53/54
Patching output file 54/54
lookup cache used 1225/65536 hits=5376 misses=1449
finished...
